<?xml version="1.0" encoding="UTF-8"?>
<!-- Generated by org.testng.reporters.JUnitReportReporter -->
<testsuite hostname="Meh" failures="0" tests="1" name="Cucumber.CucumberProject.AppTest" time="0.269" errors="0" timestamp="2025-08-15T13:10:00 MESZ" skipped="0">
  <testcase classname="Cucumber.CucumberProject.AppTest" name="testLoginWithValidCredentials" time="0.269"/>
</testsuite> <!-- Cucumber.CucumberProject.AppTest -->
