<?xml version="1.0" encoding="UTF-8"?>
<!-- Generated by org.testng.reporters.JUnitReportReporter -->
<testsuite hostname="Meh" failures="0" tests="1" name="Cucumber.CucumberProject.AppTwoTest" time="0.011" errors="0" timestamp="2025-08-14T22:18:59 MESZ" skipped="0">
  <testcase classname="Cucumber.CucumberProject.AppTwoTest" name="shouldAnswerWithTrue" time="0.011"/>
</testsuite> <!-- Cucumber.CucumberProject.AppTwoTest -->
